<?xml version="1.0" encoding="UTF-8"?>
<testng-results ignored="0" total="1" passed="1" failed="0" skipped="0">
  <reporter-output>
  </reporter-output>
  <suite started-at="2026-01-29T06:45:06 IST" name="Surefire suite" finished-at="2026-01-29T06:45:07 IST" duration-ms="1309">
    <groups>
    </groups>
    <test started-at="2026-01-29T06:45:06 IST" name="Surefire test" finished-at="2026-01-29T06:45:07 IST" duration-ms="1309">
      <class name="com.api.tests.LogInAPITest">
        <test-method signature="loginTest()[pri:0, instance:com.api.tests.LogInAPITest@6e75aa0d]" started-at="2026-01-29T06:45:06 IST" name="loginTest" description="Verify is api is working or not" finished-at="2026-01-29T06:45:07 IST" duration-ms="1281" status="PASS">
          <reporter-output>
          </reporter-output>
        </test-method> <!-- loginTest -->
      </class> <!-- com.api.tests.LogInAPITest -->
    </test> <!-- Surefire test -->
  </suite> <!-- Surefire suite -->
</testng-results>
